<?xml version="1.0" encoding="UTF-8" ?>
<testsuite tests="24" failures="0" name="br.unicamp.exemplo.runner.RunCalculadoraTest" time="0.016" errors="0" skipped="0">
  <properties>
[...]
</properties>
  <testcase classname="Scenario: Sum two numbers" name="Given I have a calculator" time="0"/>
  <testcase classname="Scenario: Sum two numbers" name="When I sum 3 with 3" time="0"/>
  <testcase classname="Scenario: Sum two numbers" name="Then the result should be 6" time="0"/>
  <testcase classname="Scenario: Sum two numbers" name="Scenario: Sum two numbers" time="0.016"/>
  <testcase classname="| 1 | 0 | 0 |" name="Given I have a calculator" time="0"/>
  <testcase classname="| 1 | 0 | 0 |" name="When I multiply 1 with 0" time="0"/>
  <testcase classname="| 1 | 0 | 0 |" name="Then the result should be 0" time="0"/>
  <testcase classname="| 1 | 0 | 0 |" name="| 1 | 0 | 0 |" time="0"/>
  <testcase classname="| 2 | 2 | 4 |" name="Given I have a calculator" time="0"/>
  <testcase classname="| 2 | 2 | 4 |" name="When I multiply 2 with 2" time="0"/>
  <testcase classname="| 2 | 2 | 4 |" name="Then the result should be 4" time="0"/>
  <testcase classname="| 2 | 2 | 4 |" name="| 2 | 2 | 4 |" time="0"/>
  <testcase classname="| 3 | 10 | 30 |" name="Given I have a calculator" time="0"/>
  <testcase classname="| 3 | 10 | 30 |" name="When I multiply 3 with 10" time="0"/>
  <testcase classname="| 3 | 10 | 30 |" name="Then the result should be 30" time="0"/>
  <testcase classname="| 3 | 10 | 30 |" name="| 3 | 10 | 30 |" time="0"/>
  <testcase classname="Scenario: Division by zero" name="Given I have a calculator" time="0"/>
  <testcase classname="Scenario: Division by zero" name="When I divide 7 with 0" time="0"/>
  <testcase classname="Scenario: Division by zero" name="Then should show an error with a message:" time="0"/>
  <testcase classname="Scenario: Division by zero" name="Scenario: Division by zero" time="0"/>
  <testcase classname="Scenario: Divide two numbers" name="Given I have a calculator" time="0"/>
  <testcase classname="Scenario: Divide two numbers" name="When I divide 9 with 3" time="0"/>
  <testcase classname="Scenario: Divide two numbers" name="Then the result should be 3" time="0"/>
  <testcase classname="Scenario: Divide two numbers" name="Scenario: Divide two numbers" time="0"/>
</testsuite>